Assignment_2_Arseniy_Levochkin_t/build/app/intermediates/manifest_merge_blame_file/release/manifest-merger-blame-release-report.txt
1<?xml version="1.0" encoding="utf-8"?>
2<manifest xmlns:android="http://schemas.android.com/apk/res/android"
3    package="com.ChuckNorrisApp.ChuckNorrisApp"
4    android:versionCode="1"
5    android:versionName="1.0.0" >
6
7    <uses-sdk
8        android:minSdkVersion="21"
8-->src/main/AndroidManifest.xml
9        android:targetSdkVersion="33" />
9-->src/main/AndroidManifest.xml
10
11    <uses-permission android:name="android.permission.ACCESS_NETWORK_STATE" />
11-->[:connectivity_plus] AndroidManifest.xml:7:5-79
11-->[:connectivity_plus] AndroidManifest.xml:7:22-76
12    <uses-permission android:name="android.permission.INTERNET" />
12-->[com.google.firebase:firebase-crashlytics:18.3.5] AndroidManifest.xml:9:5-67
12-->[com.google.firebase:firebase-crashlytics:18.3.5] AndroidManifest.xml:9:22-64
13    <uses-permission android:name="android.permission.WAKE_LOCK" />
13-->[com.google.android.gms:play-services-measurement-api:21.2.0] AndroidManifest.xml:24:5-68
13-->[com.google.android.gms:play-services-measurement-api:21.2.0] AndroidManifest.xml:24:22-65
14    <uses-permission android:name="com.google.android.gms.permission.AD_ID" />
14-->[com.google.android.gms:play-services-measurement-api:21.2.0] AndroidManifest.xml:25:5-79
14-->[com.google.android.gms:play-services-measurement-api:21.2.0] AndroidManifest.xml:25:22-76
15    <uses-permission android:name="com.google.android.finsky.permission.BIND_GET_INSTALL_REFERRER_SERVICE" />
15-->[com.google.android.gms:play-services-measurement:21.2.0] AndroidManifest.xml:26:5-110
15-->[com.google.android.gms:play-services-measurement:21.2.0] AndroidManifest.xml:26:22-107
16
17    <application
18        android:name="android.app.Application"
18-->src/main/AndroidManifest.xml:5:9-42
19        android:appComponentFactory="androidx.core.app.CoreComponentFactory"
19-->[androidx.core:core:1.6.0] AndroidManifest.xml:24:18-86
20        android:icon="@mipmap/launcher_icon"
20-->src/main/AndroidManifest.xml:6:9-45
21        android:label="ChuckNorrisApp" >
21-->src/main/AndroidManifest.xml:4:9-39
22        <activity
22-->src/main/AndroidManifest.xml:7:9-27:20
23            android:name="com.example.helloworld.MainActivity"
23-->src/main/AndroidManifest.xml:8:13-41
24            android:configChanges="orientation|keyboardHidden|keyboard|screenSize|smallestScreenSize|locale|layoutDirection|fontScale|screenLayout|density|uiMode"
24-->src/main/AndroidManifest.xml:12:13-163
25            android:exported="true"
25-->src/main/AndroidManifest.xml:9:13-36
26            android:hardwareAccelerated="true"
26-->src/main/AndroidManifest.xml:13:13-47
27            android:launchMode="singleTop"
27-->src/main/AndroidManifest.xml:10:13-43
28            android:theme="@style/LaunchTheme"
28-->src/main/AndroidManifest.xml:11:13-47
29            android:windowSoftInputMode="adjustResize" >
29-->src/main/AndroidManifest.xml:14:13-55
30
31            <!--
32                 Specifies an Android theme to apply to this Activity as soon as
33                 the Android process has started. This theme is visible to the user
34                 while the Flutter UI initializes. After that, this theme continues
35                 to determine the Window background behind the Flutter UI.
36            -->
37            <meta-data
37-->src/main/AndroidManifest.xml:19:13-22:17
38                android:name="io.flutter.embedding.android.NormalTheme"
38-->src/main/AndroidManifest.xml:20:15-70
39                android:resource="@style/NormalTheme" />
39-->src/main/AndroidManifest.xml:21:15-52
40
41            <intent-filter>
41-->src/main/AndroidManifest.xml:23:13-26:29
42                <action android:name="android.intent.action.MAIN" />
42-->src/main/AndroidManifest.xml:24:17-68
42-->src/main/AndroidManifest.xml:24:25-66
43
44                <category android:name="android.intent.category.LAUNCHER" />
44-->src/main/AndroidManifest.xml:25:17-76
44-->src/main/AndroidManifest.xml:25:27-74
45            </intent-filter>
46        </activity>
47        <!--
48             Don't delete the meta-data below.
49             This is used by the Flutter tool to generate GeneratedPluginRegistrant.java
50        -->
51        <meta-data
51-->src/main/AndroidManifest.xml:30:9-32:33
52            android:name="flutterEmbedding"
52-->src/main/AndroidManifest.xml:31:13-44
53            android:value="2" />
53-->src/main/AndroidManifest.xml:32:13-30
54
55        <service
55-->[:firebase_crashlytics] AndroidManifest.xml:8:9-12:19
56            android:name="com.google.firebase.components.ComponentDiscoveryService"
56-->[:firebase_crashlytics] AndroidManifest.xml:8:18-89
57            android:directBootAware="true"
57-->[com.google.firebase:firebase-common:20.3.1] AndroidManifest.xml:34:13-43
58            android:exported="false" >
58-->[com.google.firebase:firebase-crashlytics:18.3.5] AndroidManifest.xml:16:13-37
59            <meta-data
59-->[:firebase_crashlytics] AndroidManifest.xml:9:13-11:85
60                android:name="com.google.firebase.components:io.flutter.plugins.firebase.crashlytics.FlutterFirebaseAppRegistrar"
60-->[:firebase_crashlytics] AndroidManifest.xml:10:17-130
61                android:value="com.google.firebase.components.ComponentRegistrar" />
61-->[:firebase_crashlytics] AndroidManifest.xml:11:17-82
62            <meta-data
62-->[:firebase_database] AndroidManifest.xml:9:13-11:85
63                android:name="com.google.firebase.components:io.flutter.plugins.firebase.database.FlutterFirebaseAppRegistrar"
63-->[:firebase_database] AndroidManifest.xml:10:17-127
64                android:value="com.google.firebase.components.ComponentRegistrar" />
64-->[:firebase_database] AndroidManifest.xml:11:17-82
65            <meta-data
65-->[:cloud_firestore] AndroidManifest.xml:9:13-11:85
66                android:name="com.google.firebase.components:io.flutter.plugins.firebase.firestore.FlutterFirebaseFirestoreRegistrar"
66-->[:cloud_firestore] AndroidManifest.xml:10:17-134
67                android:value="com.google.firebase.components.ComponentRegistrar" />
67-->[:cloud_firestore] AndroidManifest.xml:11:17-82
68            <meta-data
68-->[:firebase_core] AndroidManifest.xml:9:13-11:85
69                android:name="com.google.firebase.components:io.flutter.plugins.firebase.core.FlutterFirebaseCoreRegistrar"
69-->[:firebase_core] AndroidManifest.xml:10:17-124
70                android:value="com.google.firebase.components.ComponentRegistrar" />
70-->[:firebase_core] AndroidManifest.xml:11:17-82
71            <meta-data
71-->[com.google.firebase:firebase-crashlytics:18.3.5] AndroidManifest.xml:17:13-19:85
72                android:name="com.google.firebase.components:com.google.firebase.crashlytics.CrashlyticsRegistrar"
72-->[com.google.firebase:firebase-crashlytics:18.3.5] AndroidManifest.xml:18:17-115
73                android:value="com.google.firebase.components.ComponentRegistrar" />
73-->[com.google.firebase:firebase-crashlytics:18.3.5] AndroidManifest.xml:19:17-82
74            <meta-data
74-->[com.google.firebase:firebase-firestore:24.4.4] AndroidManifest.xml:19:13-21:85
75                android:name="com.google.firebase.components:com.google.firebase.firestore.FirestoreRegistrar"
75-->[com.google.firebase:firebase-firestore:24.4.4] AndroidManifest.xml:20:17-111
76                android:value="com.google.firebase.components.ComponentRegistrar" />
76-->[com.google.firebase:firebase-firestore:24.4.4] AndroidManifest.xml:21:17-82
77            <meta-data
77-->[com.google.firebase:firebase-database:20.1.0] AndroidManifest.xml:31:13-33:85
78                android:name="com.google.firebase.components:com.google.firebase.database.DatabaseRegistrar"
78-->[com.google.firebase:firebase-database:20.1.0] AndroidManifest.xml:32:17-109
79                android:value="com.google.firebase.components.ComponentRegistrar" />
79-->[com.google.firebase:firebase-database:20.1.0] AndroidManifest.xml:33:17-82
80            <meta-data
80-->[com.google.android.gms:play-services-measurement-api:21.2.0] AndroidManifest.xml:31:13-33:85
81                android:name="com.google.firebase.components:com.google.firebase.analytics.connector.internal.AnalyticsConnectorRegistrar"
81-->[com.google.android.gms:play-services-measurement-api:21.2.0] AndroidManifest.xml:32:17-139
82                android:value="com.google.firebase.components.ComponentRegistrar" />
82-->[com.google.android.gms:play-services-measurement-api:21.2.0] AndroidManifest.xml:33:17-82
83            <meta-data
83-->[com.google.firebase:firebase-installations:17.1.3] AndroidManifest.xml:17:13-19:85
84                android:name="com.google.firebase.components:com.google.firebase.installations.FirebaseInstallationsRegistrar"
84-->[com.google.firebase:firebase-installations:17.1.3] AndroidManifest.xml:18:17-127
85                android:value="com.google.firebase.components.ComponentRegistrar" />
85-->[com.google.firebase:firebase-installations:17.1.3] AndroidManifest.xml:19:17-82
86        </service>
87
88        <uses-library
88-->[androidx.window:window:1.0.0-beta04] AndroidManifest.xml:25:9-27:40
89            android:name="androidx.window.extensions"
89-->[androidx.window:window:1.0.0-beta04] AndroidManifest.xml:26:13-54
90            android:required="false" />
90-->[androidx.window:window:1.0.0-beta04] AndroidManifest.xml:27:13-37
91        <uses-library
91-->[androidx.window:window:1.0.0-beta04] AndroidManifest.xml:28:9-30:40
92            android:name="androidx.window.sidecar"
92-->[androidx.window:window:1.0.0-beta04] AndroidManifest.xml:29:13-51
93            android:required="false" />
93-->[androidx.window:window:1.0.0-beta04] AndroidManifest.xml:30:13-37
94
95        <service
95-->[com.google.android.datatransport:transport-backend-cct:3.1.8] AndroidManifest.xml:28:9-34:19
96            android:name="com.google.android.datatransport.runtime.backends.TransportBackendDiscovery"
96-->[com.google.android.datatransport:transport-backend-cct:3.1.8] AndroidManifest.xml:29:13-103
97            android:exported="false" >
97-->[com.google.android.datatransport:transport-backend-cct:3.1.8] AndroidManifest.xml:30:13-37
98            <meta-data
98-->[com.google.android.datatransport:transport-backend-cct:3.1.8] AndroidManifest.xml:31:13-33:39
99                android:name="backend:com.google.android.datatransport.cct.CctBackendFactory"
99-->[com.google.android.datatransport:transport-backend-cct:3.1.8] AndroidManifest.xml:32:17-94
100                android:value="cct" />
100-->[com.google.android.datatransport:transport-backend-cct:3.1.8] AndroidManifest.xml:33:17-36
101        </service>
102        <service
102-->[com.google.android.datatransport:transport-runtime:3.1.8] AndroidManifest.xml:26:9-30:19
103            android:name="com.google.android.datatransport.runtime.scheduling.jobscheduling.JobInfoSchedulerService"
103-->[com.google.android.datatransport:transport-runtime:3.1.8] AndroidManifest.xml:27:13-117
104            android:exported="false"
104-->[com.google.android.datatransport:transport-runtime:3.1.8] AndroidManifest.xml:28:13-37
105            android:permission="android.permission.BIND_JOB_SERVICE" >
105-->[com.google.android.datatransport:transport-runtime:3.1.8] AndroidManifest.xml:29:13-69
106        </service>
107
108        <receiver
108-->[com.google.android.datatransport:transport-runtime:3.1.8] AndroidManifest.xml:32:9-34:40
109            android:name="com.google.android.datatransport.runtime.scheduling.jobscheduling.AlarmManagerSchedulerBroadcastReceiver"
109-->[com.google.android.datatransport:transport-runtime:3.1.8] AndroidManifest.xml:33:13-132
110            android:exported="false" />
110-->[com.google.android.datatransport:transport-runtime:3.1.8] AndroidManifest.xml:34:13-37
111
112        <provider
112-->[com.google.firebase:firebase-common:20.3.1] AndroidManifest.xml:25:9-30:39
113            android:name="com.google.firebase.provider.FirebaseInitProvider"
113-->[com.google.firebase:firebase-common:20.3.1] AndroidManifest.xml:26:13-77
114            android:authorities="com.ChuckNorrisApp.ChuckNorrisApp.firebaseinitprovider"
114-->[com.google.firebase:firebase-common:20.3.1] AndroidManifest.xml:27:13-72
115            android:directBootAware="true"
115-->[com.google.firebase:firebase-common:20.3.1] AndroidManifest.xml:28:13-43
116            android:exported="false"
116-->[com.google.firebase:firebase-common:20.3.1] AndroidManifest.xml:29:13-37
117            android:initOrder="100" />
117-->[com.google.firebase:firebase-common:20.3.1] AndroidManifest.xml:30:13-36
118
119        <activity
119-->[com.google.android.gms:play-services-base:18.0.1] AndroidManifest.xml:20:9-22:45
120            android:name="com.google.android.gms.common.api.GoogleApiActivity"
120-->[com.google.android.gms:play-services-base:18.0.1] AndroidManifest.xml:20:19-85
121            android:exported="false"
121-->[com.google.android.gms:play-services-base:18.0.1] AndroidManifest.xml:22:19-43
122            android:theme="@android:style/Theme.Translucent.NoTitleBar" />
122-->[com.google.android.gms:play-services-base:18.0.1] AndroidManifest.xml:21:19-78
123
124        <receiver
124-->[com.google.android.gms:play-services-measurement:21.2.0] AndroidManifest.xml:29:9-33:20
125            android:name="com.google.android.gms.measurement.AppMeasurementReceiver"
125-->[com.google.android.gms:play-services-measurement:21.2.0] AndroidManifest.xml:30:13-85
126            android:enabled="true"
126-->[com.google.android.gms:play-services-measurement:21.2.0] AndroidManifest.xml:31:13-35
127            android:exported="false" >
127-->[com.google.android.gms:play-services-measurement:21.2.0] AndroidManifest.xml:32:13-37
128        </receiver>
129
130        <service
130-->[com.google.android.gms:play-services-measurement:21.2.0] AndroidManifest.xml:35:9-38:40
131            android:name="com.google.android.gms.measurement.AppMeasurementService"
131-->[com.google.android.gms:play-services-measurement:21.2.0] AndroidManifest.xml:36:13-84
132            android:enabled="true"
132-->[com.google.android.gms:play-services-measurement:21.2.0] AndroidManifest.xml:37:13-35
133            android:exported="false" />
133-->[com.google.android.gms:play-services-measurement:21.2.0] AndroidManifest.xml:38:13-37
134        <service
134-->[com.google.android.gms:play-services-measurement:21.2.0] AndroidManifest.xml:39:9-43:72
135            android:name="com.google.android.gms.measurement.AppMeasurementJobService"
135-->[com.google.android.gms:play-services-measurement:21.2.0] AndroidManifest.xml:40:13-87
136            android:enabled="true"
136-->[com.google.android.gms:play-services-measurement:21.2.0] AndroidManifest.xml:41:13-35
137            android:exported="false"
137-->[com.google.android.gms:play-services-measurement:21.2.0] AndroidManifest.xml:42:13-37
138            android:permission="android.permission.BIND_JOB_SERVICE" />
138-->[com.google.android.gms:play-services-measurement:21.2.0] AndroidManifest.xml:43:13-69
139
140        <meta-data
140-->[com.google.android.gms:play-services-basement:18.1.0] AndroidManifest.xml:21:9-23:69
141            android:name="com.google.android.gms.version"
141-->[com.google.android.gms:play-services-basement:18.1.0] AndroidManifest.xml:22:13-58
142            android:value="@integer/google_play_services_version" />
142-->[com.google.android.gms:play-services-basement:18.1.0] AndroidManifest.xml:23:13-66
143    </application>
144
145</manifest>